#! /opt/homebrew/Cellar/icarus-verilog/12.0/bin/vvp
:ivl_version "12.0 (stable)";
:ivl_delay_selection "TYPICAL";
:vpi_time_precision + 0;
:vpi_module "/opt/homebrew/Cellar/icarus-verilog/12.0/lib/ivl/system.vpi";
:vpi_module "/opt/homebrew/Cellar/icarus-verilog/12.0/lib/ivl/vhdl_sys.vpi";
:vpi_module "/opt/homebrew/Cellar/icarus-verilog/12.0/lib/ivl/vhdl_textio.vpi";
:vpi_module "/opt/homebrew/Cellar/icarus-verilog/12.0/lib/ivl/v2005_math.vpi";
:vpi_module "/opt/homebrew/Cellar/icarus-verilog/12.0/lib/ivl/va_math.vpi";
S_0x125e06200 .scope module, "encoder" "encoder" 2 1;
 .timescale 0 0;
    .port_info 0 /INPUT 4 "D";
    .port_info 1 /OUTPUT 1 "x";
    .port_info 2 /OUTPUT 1 "y";
    .port_info 3 /OUTPUT 1 "V";
o0x118008010 .functor BUFZ 4, C4<zzzz>; HiZ drive
v0x125e06410_0 .net "D", 3 0, o0x118008010;  0 drivers
v0x125e164b0_0 .var "V", 0 0;
v0x125e16550_0 .var "x", 0 0;
v0x125e165e0_0 .var "y", 0 0;
E_0x125e063d0 .event anyedge, v0x125e06410_0;
    .scope S_0x125e06200;
T_0 ;
    %wait E_0x125e063d0;
    %load/vec4 v0x125e06410_0;
    %parti/s 1, 3, 3;
    %flag_set/vec4 8;
    %jmp/0xz  T_0.0, 8;
    %pushi/vec4 1, 0, 1;
    %store/vec4 v0x125e16550_0, 0, 1;
    %pushi/vec4 1, 0, 1;
    %store/vec4 v0x125e165e0_0, 0, 1;
    %pushi/vec4 1, 0, 1;
    %store/vec4 v0x125e164b0_0, 0, 1;
    %jmp T_0.1;
T_0.0 ;
    %load/vec4 v0x125e06410_0;
    %parti/s 1, 2, 3;
    %flag_set/vec4 8;
    %jmp/0xz  T_0.2, 8;
    %pushi/vec4 1, 0, 1;
    %store/vec4 v0x125e16550_0, 0, 1;
    %pushi/vec4 0, 0, 1;
    %store/vec4 v0x125e165e0_0, 0, 1;
    %pushi/vec4 1, 0, 1;
    %store/vec4 v0x125e164b0_0, 0, 1;
    %jmp T_0.3;
T_0.2 ;
    %load/vec4 v0x125e06410_0;
    %parti/s 1, 1, 2;
    %flag_set/vec4 8;
    %jmp/0xz  T_0.4, 8;
    %pushi/vec4 0, 0, 1;
    %store/vec4 v0x125e16550_0, 0, 1;
    %pushi/vec4 1, 0, 1;
    %store/vec4 v0x125e165e0_0, 0, 1;
    %pushi/vec4 1, 0, 1;
    %store/vec4 v0x125e164b0_0, 0, 1;
    %jmp T_0.5;
T_0.4 ;
    %load/vec4 v0x125e06410_0;
    %parti/s 1, 0, 2;
    %flag_set/vec4 8;
    %jmp/0xz  T_0.6, 8;
    %pushi/vec4 0, 0, 1;
    %store/vec4 v0x125e16550_0, 0, 1;
    %pushi/vec4 0, 0, 1;
    %store/vec4 v0x125e165e0_0, 0, 1;
    %pushi/vec4 1, 0, 1;
    %store/vec4 v0x125e164b0_0, 0, 1;
    %jmp T_0.7;
T_0.6 ;
    %pushi/vec4 0, 0, 1;
    %store/vec4 v0x125e164b0_0, 0, 1;
T_0.7 ;
T_0.5 ;
T_0.3 ;
T_0.1 ;
    %jmp T_0;
    .thread T_0, $push;
# The file index is used to find the file name in the following table.
:file_names 3;
    "N/A";
    "<interactive>";
    "encoder.v";
